0 info it worked if it ends with ok
1 verbose cli [ '/usr/local/Cellar/nvm/0.26.1/versions/node/v5.3.0/bin/node',
1 verbose cli   '/usr/local/opt/nvm/versions/node/v5.3.0/bin/npm',
1 verbose cli   'start' ]
2 info using npm@3.5.3
3 info using node@v5.3.0
4 verbose run-script [ 'prestart', 'start', 'poststart' ]
5 info lifecycle votersedge@6.0.0~prestart: votersedge@6.0.0
6 silly lifecycle votersedge@6.0.0~prestart: no script for prestart, continuing
7 info lifecycle votersedge@6.0.0~start: votersedge@6.0.0
8 verbose lifecycle votersedge@6.0.0~start: unsafe-perm in lifecycle true
9 verbose lifecycle votersedge@6.0.0~start: PATH: /usr/local/Cellar/nvm/0.26.1/versions/node/v5.3.0/lib/node_modules/npm/bin/node-gyp-bin:/Users/chacha/Documents/MapLight/repos/votersedge/node_modules/.bin:/usr/local/opt/nvm/versions/node/v5.3.0/bin:/Users/chacha/.rvm/gems/ruby-2.2.1/bin:/Users/chacha/.rvm/gems/ruby-2.2.1@global/bin:/Users/chacha/.rvm/rubies/ruby-2.2.1/bin:./node_modules/.bin:/usr/local/bin:/opt/local/bin:/opt/local/sbin:/usr/local/lib/wxPython-2.9.4.0/bin:/Library/Frameworks/GDAL.framework/Programs:/Library/Frameworks/GDAL.framework/Programs:/opt/local/bin:/opt/local/sbin:/Applications/MAMP/Library/bin:/Applications/MAMP/bin/php5.3/bin:/usr/local/bin:/usr/local/bin:/usr/bin:/bin:/usr/sbin:/sbin:/Applications/drush/drush:/usr/local/bin:/Users/chacha/.rvm/bin
10 verbose lifecycle votersedge@6.0.0~start: CWD: /Users/chacha/Documents/MapLight/repos/votersedge
11 silly lifecycle votersedge@6.0.0~start: Args: [ '-c', 'babel-node tools/run start' ]
12 silly lifecycle votersedge@6.0.0~start: Returned: code: 1  signal: null
13 info lifecycle votersedge@6.0.0~start: Failed to exec start script
14 verbose stack Error: votersedge@6.0.0 start: `babel-node tools/run start`
14 verbose stack Exit status 1
14 verbose stack     at EventEmitter.<anonymous> (/usr/local/Cellar/nvm/0.26.1/versions/node/v5.3.0/lib/node_modules/npm/lib/utils/lifecycle.js:232:16)
14 verbose stack     at emitTwo (events.js:87:13)
14 verbose stack     at EventEmitter.emit (events.js:172:7)
14 verbose stack     at ChildProcess.<anonymous> (/usr/local/Cellar/nvm/0.26.1/versions/node/v5.3.0/lib/node_modules/npm/lib/utils/spawn.js:24:14)
14 verbose stack     at emitTwo (events.js:87:13)
14 verbose stack     at ChildProcess.emit (events.js:172:7)
14 verbose stack     at maybeClose (internal/child_process.js:818:16)
14 verbose stack     at Process.ChildProcess._handle.onexit (internal/child_process.js:211:5)
15 verbose pkgid votersedge@6.0.0
16 verbose cwd /Users/chacha/Documents/MapLight/repos/votersedge/src/api/translations
17 error Darwin 14.5.0
18 error argv "/usr/local/Cellar/nvm/0.26.1/versions/node/v5.3.0/bin/node" "/usr/local/opt/nvm/versions/node/v5.3.0/bin/npm" "start"
19 error node v5.3.0
20 error npm  v3.5.3
21 error code ELIFECYCLE
22 error votersedge@6.0.0 start: `babel-node tools/run start`
22 error Exit status 1
23 error Failed at the votersedge@6.0.0 start script 'babel-node tools/run start'.
23 error Make sure you have the latest version of node.js and npm installed.
23 error If you do, this is most likely a problem with the votersedge package,
23 error not with npm itself.
23 error Tell the author that this fails on your system:
23 error     babel-node tools/run start
23 error You can get information on how to open an issue for this project with:
23 error     npm bugs votersedge
23 error Or if that isn't available, you can get their info via:
23 error     npm owner ls votersedge
23 error There is likely additional logging output above.
24 verbose exit [ 1, true ]
